[22-Jun-2025 16:23:19 Europe/Berlin] PHP Fatal error:  Uncaught Error: Call to undefined function getStatusColor() in C:\xampp\htdocs\c2c_platform\includes\orders\order_list.php:82
Stack trace:
#0 {main}
  thrown in C:\xampp\htdocs\c2c_platform\includes\orders\order_list.php on line 82
[22-Jun-2025 16:24:07 Europe/Berlin] PHP Fatal error:  Uncaught Error: Call to undefined function getStatusColor() in C:\xampp\htdocs\c2c_platform\includes\orders\order_list.php:82
Stack trace:
#0 {main}
  thrown in C:\xampp\htdocs\c2c_platform\includes\orders\order_list.php on line 82
[22-Jun-2025 16:46:06 Europe/Berlin] PHP Fatal error:  Uncaught PDOException: SQLSTATE[HY093]: Invalid parameter number in C:\xampp\htdocs\c2c_platform\src\Order.php:280
Stack trace:
#0 C:\xampp\htdocs\c2c_platform\src\Order.php(280): PDOStatement->execute(Array)
#1 C:\xampp\htdocs\c2c_platform\includes\orders\order_list.php(17): Order->getSellerOrders(2)
#2 {main}
  thrown in C:\xampp\htdocs\c2c_platform\src\Order.php on line 280
[22-Jun-2025 16:46:58 Europe/Berlin] PHP Fatal error:  Uncaught Error: Call to undefined function getStatusColor() in C:\xampp\htdocs\c2c_platform\includes\orders\order_list.php:82
Stack trace:
#0 {main}
  thrown in C:\xampp\htdocs\c2c_platform\includes\orders\order_list.php on line 82
[22-Jun-2025 16:47:27 Europe/Berlin] PHP Fatal error:  Uncaught Error: Call to undefined function getStatusColor() in C:\xampp\htdocs\c2c_platform\includes\orders\order_list.php:82
Stack trace:
#0 {main}
  thrown in C:\xampp\htdocs\c2c_platform\includes\orders\order_list.php on line 82
[22-Jun-2025 16:48:59 Europe/Berlin] Payment processor accessed at 2025-06-22 16:48:59
[22-Jun-2025 16:48:59 Europe/Berlin] Payment parameters - result: success, shipping: 1, total: 2325
[22-Jun-2025 16:49:13 Europe/Berlin] PHP Fatal error:  Uncaught Error: Call to undefined function getStatusColor() in C:\xampp\htdocs\c2c_platform\includes\orders\order_list.php:82
Stack trace:
#0 {main}
  thrown in C:\xampp\htdocs\c2c_platform\includes\orders\order_list.php on line 82
[22-Jun-2025 16:49:21 Europe/Berlin] PHP Fatal error:  Uncaught Error: Call to undefined function getStatusColor() in C:\xampp\htdocs\c2c_platform\includes\orders\order_list.php:82
Stack trace:
#0 {main}
  thrown in C:\xampp\htdocs\c2c_platform\includes\orders\order_list.php on line 82
[22-Jun-2025 16:49:22 Europe/Berlin] PHP Fatal error:  Uncaught Error: Call to undefined function getStatusColor() in C:\xampp\htdocs\c2c_platform\includes\orders\order_list.php:82
Stack trace:
#0 {main}
  thrown in C:\xampp\htdocs\c2c_platform\includes\orders\order_list.php on line 82
[22-Jun-2025 16:56:33 Europe/Berlin] PHP Fatal error:  Uncaught Error: Call to undefined function getStatusColor() in C:\xampp\htdocs\c2c_platform\includes\orders\order_list.php:82
Stack trace:
#0 {main}
  thrown in C:\xampp\htdocs\c2c_platform\includes\orders\order_list.php on line 82
[22-Jun-2025 17:11:17 Europe/Berlin] PHP Fatal error:  Uncaught Error: Call to undefined function getStatusColor() in C:\xampp\htdocs\c2c_platform\includes\orders\order_list.php:82
Stack trace:
#0 {main}
  thrown in C:\xampp\htdocs\c2c_platform\includes\orders\order_list.php on line 82
[22-Jun-2025 17:11:18 Europe/Berlin] PHP Fatal error:  Uncaught Error: Call to undefined function getStatusColor() in C:\xampp\htdocs\c2c_platform\includes\orders\order_list.php:82
Stack trace:
#0 {main}
  thrown in C:\xampp\htdocs\c2c_platform\includes\orders\order_list.php on line 82
[22-Jun-2025 17:11:23 Europe/Berlin] PHP Fatal error:  Uncaught Error: Call to undefined function getStatusColor() in C:\xampp\htdocs\c2c_platform\includes\orders\order_list.php:82
Stack trace:
#0 {main}
  thrown in C:\xampp\htdocs\c2c_platform\includes\orders\order_list.php on line 82
[22-Jun-2025 17:13:22 Europe/Berlin] PHP Fatal error:  Uncaught Error: Call to undefined function getStatusColor() in C:\xampp\htdocs\c2c_platform\includes\orders\order_list.php:82
Stack trace:
#0 {main}
  thrown in C:\xampp\htdocs\c2c_platform\includes\orders\order_list.php on line 82
[22-Jun-2025 17:14:26 Europe/Berlin] PHP Fatal error:  Uncaught Error: Call to undefined function getStatusColor() in C:\xampp\htdocs\c2c_platform\includes\orders\order_list.php:82
Stack trace:
#0 {main}
  thrown in C:\xampp\htdocs\c2c_platform\includes\orders\order_list.php on line 82
[22-Jun-2025 17:14:35 Europe/Berlin] PHP Fatal error:  Uncaught Error: Call to undefined function getStatusColor() in C:\xampp\htdocs\c2c_platform\includes\orders\order_list.php:82
Stack trace:
#0 {main}
  thrown in C:\xampp\htdocs\c2c_platform\includes\orders\order_list.php on line 82
[22-Jun-2025 17:24:04 Europe/Berlin] PHP Fatal error:  Uncaught Error: Call to undefined function getStatusColor() in C:\xampp\htdocs\c2c_platform\includes\orders\order_list.php:82
Stack trace:
#0 {main}
  thrown in C:\xampp\htdocs\c2c_platform\includes\orders\order_list.php on line 82
[22-Jun-2025 17:24:12 Europe/Berlin] PHP Fatal error:  Uncaught Error: Call to undefined function getStatusColor() in C:\xampp\htdocs\c2c_platform\includes\orders\order_list.php:82
Stack trace:
#0 {main}
  thrown in C:\xampp\htdocs\c2c_platform\includes\orders\order_list.php on line 82
[22-Jun-2025 17:24:26 Europe/Berlin] PHP Fatal error:  Uncaught Error: Call to undefined function getStatusColor() in C:\xampp\htdocs\c2c_platform\includes\orders\order_list.php:82
Stack trace:
#0 {main}
  thrown in C:\xampp\htdocs\c2c_platform\includes\orders\order_list.php on line 82
[22-Jun-2025 17:25:06 Europe/Berlin] PHP Fatal error:  Uncaught Error: Call to undefined function getStatusColor() in C:\xampp\htdocs\c2c_platform\includes\orders\order_list.php:82
Stack trace:
#0 {main}
  thrown in C:\xampp\htdocs\c2c_platform\includes\orders\order_list.php on line 82
[22-Jun-2025 17:25:34 Europe/Berlin] PHP Fatal error:  Uncaught Error: Call to undefined function getStatusColor() in C:\xampp\htdocs\c2c_platform\includes\orders\order_list.php:82
Stack trace:
#0 {main}
  thrown in C:\xampp\htdocs\c2c_platform\includes\orders\order_list.php on line 82
[22-Jun-2025 17:25:35 Europe/Berlin] PHP Fatal error:  Uncaught Error: Class "MessageRoom" not found in C:\xampp\htdocs\c2c_platform\includes\messaging\initiate_chat.php:22
Stack trace:
#0 {main}
  thrown in C:\xampp\htdocs\c2c_platform\includes\messaging\initiate_chat.php on line 22
[22-Jun-2025 17:26:36 Europe/Berlin] PHP Fatal error:  Uncaught Error: Call to undefined function getStatusColor() in C:\xampp\htdocs\c2c_platform\includes\orders\order_list.php:82
Stack trace:
#0 {main}
  thrown in C:\xampp\htdocs\c2c_platform\includes\orders\order_list.php on line 82
[22-Jun-2025 17:26:36 Europe/Berlin] PHP Fatal error:  Uncaught Error: Call to undefined function getStatusColor() in C:\xampp\htdocs\c2c_platform\includes\orders\order_list.php:82
Stack trace:
#0 {main}
  thrown in C:\xampp\htdocs\c2c_platform\includes\orders\order_list.php on line 82
[22-Jun-2025 17:26:41 Europe/Berlin] PHP Fatal error:  Uncaught Error: Call to undefined function getStatusColor() in C:\xampp\htdocs\c2c_platform\includes\orders\order_list.php:82
Stack trace:
#0 {main}
  thrown in C:\xampp\htdocs\c2c_platform\includes\orders\order_list.php on line 82
[22-Jun-2025 17:50:16 Europe/Berlin] Getting color for status: Processing
[22-Jun-2025 17:51:43 Europe/Berlin] PHP Fatal error:  Uncaught Error: Class "Order" not found in C:\xampp\htdocs\c2c_platform\includes\orders\order_manage.php:16
Stack trace:
#0 {main}
  thrown in C:\xampp\htdocs\c2c_platform\includes\orders\order_manage.php on line 16
[22-Jun-2025 17:52:04 Europe/Berlin] PHP Fatal error:  Uncaught Error: Class "Order" not found in C:\xampp\htdocs\c2c_platform\includes\orders\order_manage.php:16
Stack trace:
#0 {main}
  thrown in C:\xampp\htdocs\c2c_platform\includes\orders\order_manage.php on line 16
[22-Jun-2025 17:53:02 Europe/Berlin] PHP Fatal error:  Uncaught Error: Call to undefined method Order::getSellerOrderDetails() in C:\xampp\htdocs\c2c_platform\includes\orders\order_manage.php:21
Stack trace:
#0 {main}
  thrown in C:\xampp\htdocs\c2c_platform\includes\orders\order_manage.php on line 21
[22-Jun-2025 17:55:03 Europe/Berlin] PHP Fatal error:  Uncaught Error: Class "Order" not found in C:\xampp\htdocs\c2c_platform\includes\orders\update_order_status.php:10
Stack trace:
#0 {main}
  thrown in C:\xampp\htdocs\c2c_platform\includes\orders\update_order_status.php on line 10
[22-Jun-2025 17:55:26 Europe/Berlin] PHP Fatal error:  Uncaught Error: Class "Product" not found in C:\xampp\htdocs\c2c_platform\includes\orders\update_order_status.php:12
Stack trace:
#0 {main}
  thrown in C:\xampp\htdocs\c2c_platform\includes\orders\update_order_status.php on line 12
[22-Jun-2025 18:03:21 Europe/Berlin] PHP Fatal error:  Uncaught Error: Class "Order" not found in C:\xampp\htdocs\c2c_platform\includes\orders\order_view.php:11
Stack trace:
#0 {main}
  thrown in C:\xampp\htdocs\c2c_platform\includes\orders\order_view.php on line 11
[22-Jun-2025 18:03:38 Europe/Berlin] PHP Warning:  Undefined variable $orderDetail in C:\xampp\htdocs\c2c_platform\includes\orders\order_view.php on line 28
[22-Jun-2025 18:03:38 Europe/Berlin] PHP Warning:  Trying to access array offset on value of type null in C:\xampp\htdocs\c2c_platform\includes\orders\order_view.php on line 28
[22-Jun-2025 18:03:38 Europe/Berlin] PHP Fatal error:  Uncaught Error: Call to undefined function getStatusColor() in C:\xampp\htdocs\c2c_platform\includes\orders\order_view.php:42
Stack trace:
#0 {main}
  thrown in C:\xampp\htdocs\c2c_platform\includes\orders\order_view.php on line 42
[22-Jun-2025 18:04:13 Europe/Berlin] PHP Fatal error:  Uncaught Error: Call to undefined function getStatusColor() in C:\xampp\htdocs\c2c_platform\includes\orders\order_view.php:42
Stack trace:
#0 {main}
  thrown in C:\xampp\htdocs\c2c_platform\includes\orders\order_view.php on line 42
[22-Jun-2025 18:13:07 Europe/Berlin] PHP Warning:  Undefined variable $orderId in C:\xampp\htdocs\c2c_platform\includes\orders\order_manage.php on line 10
[22-Jun-2025 18:13:10 Europe/Berlin] PHP Warning:  Undefined variable $orderId in C:\xampp\htdocs\c2c_platform\includes\orders\order_manage.php on line 10
[22-Jun-2025 18:13:11 Europe/Berlin] PHP Warning:  Undefined variable $orderId in C:\xampp\htdocs\c2c_platform\includes\orders\order_manage.php on line 10
[22-Jun-2025 18:13:27 Europe/Berlin] PHP Warning:  Trying to access array offset on value of type null in C:\xampp\htdocs\c2c_platform\includes\orders\order_manage.php on line 25
[22-Jun-2025 18:13:27 Europe/Berlin] PHP Warning:  Trying to access array offset on value of type null in C:\xampp\htdocs\c2c_platform\includes\orders\order_manage.php on line 31
[22-Jun-2025 18:13:27 Europe/Berlin] PHP Fatal error:  Uncaught Error: Call to undefined function getStatusColor() in C:\xampp\htdocs\c2c_platform\includes\orders\order_manage.php:46
Stack trace:
#0 {main}
  thrown in C:\xampp\htdocs\c2c_platform\includes\orders\order_manage.php on line 46
[22-Jun-2025 18:14:33 Europe/Berlin] PHP Fatal error:  Uncaught Error: Call to undefined function getStatusColor() in C:\xampp\htdocs\c2c_platform\includes\orders\order_manage.php:50
Stack trace:
#0 {main}
  thrown in C:\xampp\htdocs\c2c_platform\includes\orders\order_manage.php on line 50
[22-Jun-2025 18:14:54 Europe/Berlin] PHP Fatal error:  Uncaught Error: Call to undefined function getStatusColor() in C:\xampp\htdocs\c2c_platform\includes\orders\order_manage.php:50
Stack trace:
#0 {main}
  thrown in C:\xampp\htdocs\c2c_platform\includes\orders\order_manage.php on line 50
[22-Jun-2025 18:20:17 Europe/Berlin] PHP Warning:  Undefined array key "buyer_name" in C:\xampp\htdocs\c2c_platform\includes\orders\order_view.php on line 82
[22-Jun-2025 18:20:17 Europe/Berlin] PHP Deprecated:  htmlspecialchars(): Passing null to parameter #1 ($string) of type string is deprecated in C:\xampp\htdocs\c2c_platform\includes\orders\order_view.php on line 82
[22-Jun-2025 18:20:17 Europe/Berlin] PHP Warning:  Undefined array key "buyer_email" in C:\xampp\htdocs\c2c_platform\includes\orders\order_view.php on line 83
[22-Jun-2025 18:20:17 Europe/Berlin] PHP Deprecated:  htmlspecialchars(): Passing null to parameter #1 ($string) of type string is deprecated in C:\xampp\htdocs\c2c_platform\includes\orders\order_view.php on line 83
[22-Jun-2025 18:20:17 Europe/Berlin] PHP Warning:  Undefined array key "buyer_id" in C:\xampp\htdocs\c2c_platform\includes\orders\order_view.php on line 87
[22-Jun-2025 18:22:21 Europe/Berlin] PHP Warning:  Undefined array key "id" in C:\xampp\htdocs\c2c_platform\includes\orders\order_view.php on line 84
[22-Jun-2025 18:40:00 Europe/Berlin] PHP Warning:  Undefined array key "seller_id" in C:\xampp\htdocs\c2c_platform\includes\orders\order_view.php on line 83
[22-Jun-2025 18:40:16 Europe/Berlin] PHP Warning:  Undefined array key "seller_id" in C:\xampp\htdocs\c2c_platform\includes\orders\order_view.php on line 83
[22-Jun-2025 18:40:24 Europe/Berlin] PHP Warning:  Undefined array key "Seller_ID" in C:\xampp\htdocs\c2c_platform\includes\orders\order_view.php on line 83
[22-Jun-2025 18:40:25 Europe/Berlin] PHP Warning:  Undefined array key "Seller_ID" in C:\xampp\htdocs\c2c_platform\includes\orders\order_view.php on line 83
[22-Jun-2025 18:40:26 Europe/Berlin] PHP Warning:  Undefined array key "Seller_ID" in C:\xampp\htdocs\c2c_platform\includes\orders\order_view.php on line 83
